The target system is: Linux -  - i486
The host system is: Linux - 4.14.13-200.fc26.x86_64 - x86_64
Determining if the include file pthread.h exists passed with the following output:
Change Dir: /home/htellezb/EK-SPL/ball-recognition/ball-recognition-module/build-cross-atom/CMakeFiles/CMakeTmp

Run Build Command:"/usr/bin/gmake" "cmTC_95681/fast"
/usr/bin/gmake -f CMakeFiles/cmTC_95681.dir/build.make CMakeFiles/cmTC_95681.dir/build
gmake[1]: Entering directory '/home/htellezb/EK-SPL/ball-recognition/ball-recognition-module/build-cross-atom/CMakeFiles/CMakeTmp'
Building C object CMakeFiles/cmTC_95681.dir/CheckIncludeFile.c.o
/home/htellezb/Aldebaran-software/linux64-nao-atom-cross-toolchain-1.14.5//cross/bin/i686-aldebaran-linux-gnu-gcc   --sysroot /home/htellezb/Aldebaran-software/linux64-nao-atom-cross-toolchain-1.14.5//sysroot/ -pipe -fomit-frame-pointer -fno-align-jumps -fno-align-functions -fno-align-labels -fno-align-loops -m32 -mtune=generic -DOE_CROSS_BUILD    -o CMakeFiles/cmTC_95681.dir/CheckIncludeFile.c.o   -c /home/htellezb/EK-SPL/ball-recognition/ball-recognition-module/build-cross-atom/CMakeFiles/CMakeTmp/CheckIncludeFile.c
Linking C executable cmTC_95681
/usr/bin/cmake -E cmake_link_script CMakeFiles/cmTC_95681.dir/link.txt --verbose=1
/home/htellezb/Aldebaran-software/linux64-nao-atom-cross-toolchain-1.14.5//cross/bin/i686-aldebaran-linux-gnu-gcc  --sysroot /home/htellezb/Aldebaran-software/linux64-nao-atom-cross-toolchain-1.14.5//sysroot/ -pipe -fomit-frame-pointer -fno-align-jumps -fno-align-functions -fno-align-labels -fno-align-loops -m32 -mtune=generic -DOE_CROSS_BUILD   -Wl,--sysroot,/home/htellezb/Aldebaran-software/linux64-nao-atom-cross-toolchain-1.14.5//sysroot/  -rdynamic CMakeFiles/cmTC_95681.dir/CheckIncludeFile.c.o  -o cmTC_95681 
gmake[1]: Leaving directory '/home/htellezb/EK-SPL/ball-recognition/ball-recognition-module/build-cross-atom/CMakeFiles/CMakeTmp'


Determining if the function pthread_create exists in the pthread passed with the following output:
Change Dir: /home/htellezb/EK-SPL/ball-recognition/ball-recognition-module/build-cross-atom/CMakeFiles/CMakeTmp

Run Build Command:"/usr/bin/gmake" "cmTC_69ecb/fast"
/usr/bin/gmake -f CMakeFiles/cmTC_69ecb.dir/build.make CMakeFiles/cmTC_69ecb.dir/build
gmake[1]: Entering directory '/home/htellezb/EK-SPL/ball-recognition/ball-recognition-module/build-cross-atom/CMakeFiles/CMakeTmp'
Building C object CMakeFiles/cmTC_69ecb.dir/CheckFunctionExists.c.o
/home/htellezb/Aldebaran-software/linux64-nao-atom-cross-toolchain-1.14.5//cross/bin/i686-aldebaran-linux-gnu-gcc   --sysroot /home/htellezb/Aldebaran-software/linux64-nao-atom-cross-toolchain-1.14.5//sysroot/ -pipe -fomit-frame-pointer -fno-align-jumps -fno-align-functions -fno-align-labels -fno-align-loops -m32 -mtune=generic -DOE_CROSS_BUILD -DCHECK_FUNCTION_EXISTS=pthread_create   -o CMakeFiles/cmTC_69ecb.dir/CheckFunctionExists.c.o   -c /usr/share/cmake/Modules/CheckFunctionExists.c
Linking C executable cmTC_69ecb
/usr/bin/cmake -E cmake_link_script CMakeFiles/cmTC_69ecb.dir/link.txt --verbose=1
/home/htellezb/Aldebaran-software/linux64-nao-atom-cross-toolchain-1.14.5//cross/bin/i686-aldebaran-linux-gnu-gcc  --sysroot /home/htellezb/Aldebaran-software/linux64-nao-atom-cross-toolchain-1.14.5//sysroot/ -pipe -fomit-frame-pointer -fno-align-jumps -fno-align-functions -fno-align-labels -fno-align-loops -m32 -mtune=generic -DOE_CROSS_BUILD -DCHECK_FUNCTION_EXISTS=pthread_create  -Wl,--sysroot,/home/htellezb/Aldebaran-software/linux64-nao-atom-cross-toolchain-1.14.5//sysroot/  -rdynamic CMakeFiles/cmTC_69ecb.dir/CheckFunctionExists.c.o  -o cmTC_69ecb -lpthread 
gmake[1]: Leaving directory '/home/htellezb/EK-SPL/ball-recognition/ball-recognition-module/build-cross-atom/CMakeFiles/CMakeTmp'


The target system is: Linux -  - i486
The host system is: Linux - 4.14.13-200.fc26.x86_64 - x86_64
Determining if the include file pthread.h exists passed with the following output:
Change Dir: /home/htellezb/EK-SPL/ball-recognition/ball-recognition-module/build-cross-atom/CMakeFiles/CMakeTmp

Run Build Command:"/usr/bin/gmake" "cmTC_d9177/fast"
/usr/bin/gmake -f CMakeFiles/cmTC_d9177.dir/build.make CMakeFiles/cmTC_d9177.dir/build
gmake[1]: Entering directory '/home/htellezb/EK-SPL/ball-recognition/ball-recognition-module/build-cross-atom/CMakeFiles/CMakeTmp'
Building C object CMakeFiles/cmTC_d9177.dir/CheckIncludeFile.c.o
/home/htellezb/Aldebaran-software/linux64-nao-atom-cross-toolchain-1.14.5//cross/bin/i686-aldebaran-linux-gnu-gcc   --sysroot /home/htellezb/Aldebaran-software/linux64-nao-atom-cross-toolchain-1.14.5//sysroot/ -pipe -fomit-frame-pointer -fno-align-jumps -fno-align-functions -fno-align-labels -fno-align-loops -m32 -mtune=generic -DOE_CROSS_BUILD    -o CMakeFiles/cmTC_d9177.dir/CheckIncludeFile.c.o   -c /home/htellezb/EK-SPL/ball-recognition/ball-recognition-module/build-cross-atom/CMakeFiles/CMakeTmp/CheckIncludeFile.c
Linking C executable cmTC_d9177
/usr/bin/cmake -E cmake_link_script CMakeFiles/cmTC_d9177.dir/link.txt --verbose=1
/home/htellezb/Aldebaran-software/linux64-nao-atom-cross-toolchain-1.14.5//cross/bin/i686-aldebaran-linux-gnu-gcc  --sysroot /home/htellezb/Aldebaran-software/linux64-nao-atom-cross-toolchain-1.14.5//sysroot/ -pipe -fomit-frame-pointer -fno-align-jumps -fno-align-functions -fno-align-labels -fno-align-loops -m32 -mtune=generic -DOE_CROSS_BUILD   -Wl,--sysroot,/home/htellezb/Aldebaran-software/linux64-nao-atom-cross-toolchain-1.14.5//sysroot/  -rdynamic CMakeFiles/cmTC_d9177.dir/CheckIncludeFile.c.o  -o cmTC_d9177 
gmake[1]: Leaving directory '/home/htellezb/EK-SPL/ball-recognition/ball-recognition-module/build-cross-atom/CMakeFiles/CMakeTmp'


Determining if the function pthread_create exists in the pthread passed with the following output:
Change Dir: /home/htellezb/EK-SPL/ball-recognition/ball-recognition-module/build-cross-atom/CMakeFiles/CMakeTmp

Run Build Command:"/usr/bin/gmake" "cmTC_10600/fast"
/usr/bin/gmake -f CMakeFiles/cmTC_10600.dir/build.make CMakeFiles/cmTC_10600.dir/build
gmake[1]: Entering directory '/home/htellezb/EK-SPL/ball-recognition/ball-recognition-module/build-cross-atom/CMakeFiles/CMakeTmp'
Building C object CMakeFiles/cmTC_10600.dir/CheckFunctionExists.c.o
/home/htellezb/Aldebaran-software/linux64-nao-atom-cross-toolchain-1.14.5//cross/bin/i686-aldebaran-linux-gnu-gcc   --sysroot /home/htellezb/Aldebaran-software/linux64-nao-atom-cross-toolchain-1.14.5//sysroot/ -pipe -fomit-frame-pointer -fno-align-jumps -fno-align-functions -fno-align-labels -fno-align-loops -m32 -mtune=generic -DOE_CROSS_BUILD -DCHECK_FUNCTION_EXISTS=pthread_create   -o CMakeFiles/cmTC_10600.dir/CheckFunctionExists.c.o   -c /usr/share/cmake/Modules/CheckFunctionExists.c
Linking C executable cmTC_10600
/usr/bin/cmake -E cmake_link_script CMakeFiles/cmTC_10600.dir/link.txt --verbose=1
/home/htellezb/Aldebaran-software/linux64-nao-atom-cross-toolchain-1.14.5//cross/bin/i686-aldebaran-linux-gnu-gcc  --sysroot /home/htellezb/Aldebaran-software/linux64-nao-atom-cross-toolchain-1.14.5//sysroot/ -pipe -fomit-frame-pointer -fno-align-jumps -fno-align-functions -fno-align-labels -fno-align-loops -m32 -mtune=generic -DOE_CROSS_BUILD -DCHECK_FUNCTION_EXISTS=pthread_create  -Wl,--sysroot,/home/htellezb/Aldebaran-software/linux64-nao-atom-cross-toolchain-1.14.5//sysroot/  -rdynamic CMakeFiles/cmTC_10600.dir/CheckFunctionExists.c.o  -o cmTC_10600 -lpthread 
gmake[1]: Leaving directory '/home/htellezb/EK-SPL/ball-recognition/ball-recognition-module/build-cross-atom/CMakeFiles/CMakeTmp'


The target system is: Linux -  - i486
The host system is: Linux - 4.14.13-200.fc26.x86_64 - x86_64
Determining if the include file pthread.h exists passed with the following output:
Change Dir: /home/htellezb/EK-SPL/ball-recognition/ball-recognition-module/build-cross-atom/CMakeFiles/CMakeTmp

Run Build Command:"/usr/bin/gmake" "cmTC_d59d4/fast"
/usr/bin/gmake -f CMakeFiles/cmTC_d59d4.dir/build.make CMakeFiles/cmTC_d59d4.dir/build
gmake[1]: Entering directory '/home/htellezb/EK-SPL/ball-recognition/ball-recognition-module/build-cross-atom/CMakeFiles/CMakeTmp'
Building C object CMakeFiles/cmTC_d59d4.dir/CheckIncludeFile.c.o
/home/htellezb/Aldebaran-software/linux64-nao-atom-cross-toolchain-1.14.5//cross/bin/i686-aldebaran-linux-gnu-gcc   --sysroot /home/htellezb/Aldebaran-software/linux64-nao-atom-cross-toolchain-1.14.5//sysroot/ -pipe -fomit-frame-pointer -fno-align-jumps -fno-align-functions -fno-align-labels -fno-align-loops -m32 -mtune=generic -DOE_CROSS_BUILD    -o CMakeFiles/cmTC_d59d4.dir/CheckIncludeFile.c.o   -c /home/htellezb/EK-SPL/ball-recognition/ball-recognition-module/build-cross-atom/CMakeFiles/CMakeTmp/CheckIncludeFile.c
Linking C executable cmTC_d59d4
/usr/bin/cmake -E cmake_link_script CMakeFiles/cmTC_d59d4.dir/link.txt --verbose=1
/home/htellezb/Aldebaran-software/linux64-nao-atom-cross-toolchain-1.14.5//cross/bin/i686-aldebaran-linux-gnu-gcc  --sysroot /home/htellezb/Aldebaran-software/linux64-nao-atom-cross-toolchain-1.14.5//sysroot/ -pipe -fomit-frame-pointer -fno-align-jumps -fno-align-functions -fno-align-labels -fno-align-loops -m32 -mtune=generic -DOE_CROSS_BUILD   -Wl,--sysroot,/home/htellezb/Aldebaran-software/linux64-nao-atom-cross-toolchain-1.14.5//sysroot/  -rdynamic CMakeFiles/cmTC_d59d4.dir/CheckIncludeFile.c.o  -o cmTC_d59d4 
gmake[1]: Leaving directory '/home/htellezb/EK-SPL/ball-recognition/ball-recognition-module/build-cross-atom/CMakeFiles/CMakeTmp'


Determining if the function pthread_create exists in the pthread passed with the following output:
Change Dir: /home/htellezb/EK-SPL/ball-recognition/ball-recognition-module/build-cross-atom/CMakeFiles/CMakeTmp

Run Build Command:"/usr/bin/gmake" "cmTC_5df99/fast"
/usr/bin/gmake -f CMakeFiles/cmTC_5df99.dir/build.make CMakeFiles/cmTC_5df99.dir/build
gmake[1]: Entering directory '/home/htellezb/EK-SPL/ball-recognition/ball-recognition-module/build-cross-atom/CMakeFiles/CMakeTmp'
Building C object CMakeFiles/cmTC_5df99.dir/CheckFunctionExists.c.o
/home/htellezb/Aldebaran-software/linux64-nao-atom-cross-toolchain-1.14.5//cross/bin/i686-aldebaran-linux-gnu-gcc   --sysroot /home/htellezb/Aldebaran-software/linux64-nao-atom-cross-toolchain-1.14.5//sysroot/ -pipe -fomit-frame-pointer -fno-align-jumps -fno-align-functions -fno-align-labels -fno-align-loops -m32 -mtune=generic -DOE_CROSS_BUILD -DCHECK_FUNCTION_EXISTS=pthread_create   -o CMakeFiles/cmTC_5df99.dir/CheckFunctionExists.c.o   -c /usr/share/cmake/Modules/CheckFunctionExists.c
Linking C executable cmTC_5df99
/usr/bin/cmake -E cmake_link_script CMakeFiles/cmTC_5df99.dir/link.txt --verbose=1
/home/htellezb/Aldebaran-software/linux64-nao-atom-cross-toolchain-1.14.5//cross/bin/i686-aldebaran-linux-gnu-gcc  --sysroot /home/htellezb/Aldebaran-software/linux64-nao-atom-cross-toolchain-1.14.5//sysroot/ -pipe -fomit-frame-pointer -fno-align-jumps -fno-align-functions -fno-align-labels -fno-align-loops -m32 -mtune=generic -DOE_CROSS_BUILD -DCHECK_FUNCTION_EXISTS=pthread_create  -Wl,--sysroot,/home/htellezb/Aldebaran-software/linux64-nao-atom-cross-toolchain-1.14.5//sysroot/  -rdynamic CMakeFiles/cmTC_5df99.dir/CheckFunctionExists.c.o  -o cmTC_5df99 -lpthread 
gmake[1]: Leaving directory '/home/htellezb/EK-SPL/ball-recognition/ball-recognition-module/build-cross-atom/CMakeFiles/CMakeTmp'


The target system is: Linux -  - i486
The host system is: Linux - 4.14.13-200.fc26.x86_64 - x86_64
Determining if the include file pthread.h exists passed with the following output:
Change Dir: /home/htellezb/EK-SPL/ball-recognition/ball-recognition-module/build-cross-atom/CMakeFiles/CMakeTmp

Run Build Command:"/usr/bin/gmake" "cmTC_3430a/fast"
/usr/bin/gmake -f CMakeFiles/cmTC_3430a.dir/build.make CMakeFiles/cmTC_3430a.dir/build
gmake[1]: Entering directory '/home/htellezb/EK-SPL/ball-recognition/ball-recognition-module/build-cross-atom/CMakeFiles/CMakeTmp'
Building C object CMakeFiles/cmTC_3430a.dir/CheckIncludeFile.c.o
/home/htellezb/Aldebaran-software/linux64-nao-atom-cross-toolchain-1.14.5//cross/bin/i686-aldebaran-linux-gnu-gcc   --sysroot /home/htellezb/Aldebaran-software/linux64-nao-atom-cross-toolchain-1.14.5//sysroot/ -pipe -fomit-frame-pointer -fno-align-jumps -fno-align-functions -fno-align-labels -fno-align-loops -m32 -mtune=generic -DOE_CROSS_BUILD    -o CMakeFiles/cmTC_3430a.dir/CheckIncludeFile.c.o   -c /home/htellezb/EK-SPL/ball-recognition/ball-recognition-module/build-cross-atom/CMakeFiles/CMakeTmp/CheckIncludeFile.c
Linking C executable cmTC_3430a
/usr/bin/cmake -E cmake_link_script CMakeFiles/cmTC_3430a.dir/link.txt --verbose=1
/home/htellezb/Aldebaran-software/linux64-nao-atom-cross-toolchain-1.14.5//cross/bin/i686-aldebaran-linux-gnu-gcc  --sysroot /home/htellezb/Aldebaran-software/linux64-nao-atom-cross-toolchain-1.14.5//sysroot/ -pipe -fomit-frame-pointer -fno-align-jumps -fno-align-functions -fno-align-labels -fno-align-loops -m32 -mtune=generic -DOE_CROSS_BUILD   -Wl,--sysroot,/home/htellezb/Aldebaran-software/linux64-nao-atom-cross-toolchain-1.14.5//sysroot/  -rdynamic CMakeFiles/cmTC_3430a.dir/CheckIncludeFile.c.o  -o cmTC_3430a 
gmake[1]: Leaving directory '/home/htellezb/EK-SPL/ball-recognition/ball-recognition-module/build-cross-atom/CMakeFiles/CMakeTmp'


Determining if the function pthread_create exists in the pthread passed with the following output:
Change Dir: /home/htellezb/EK-SPL/ball-recognition/ball-recognition-module/build-cross-atom/CMakeFiles/CMakeTmp

Run Build Command:"/usr/bin/gmake" "cmTC_0329f/fast"
/usr/bin/gmake -f CMakeFiles/cmTC_0329f.dir/build.make CMakeFiles/cmTC_0329f.dir/build
gmake[1]: Entering directory '/home/htellezb/EK-SPL/ball-recognition/ball-recognition-module/build-cross-atom/CMakeFiles/CMakeTmp'
Building C object CMakeFiles/cmTC_0329f.dir/CheckFunctionExists.c.o
/home/htellezb/Aldebaran-software/linux64-nao-atom-cross-toolchain-1.14.5//cross/bin/i686-aldebaran-linux-gnu-gcc   --sysroot /home/htellezb/Aldebaran-software/linux64-nao-atom-cross-toolchain-1.14.5//sysroot/ -pipe -fomit-frame-pointer -fno-align-jumps -fno-align-functions -fno-align-labels -fno-align-loops -m32 -mtune=generic -DOE_CROSS_BUILD -DCHECK_FUNCTION_EXISTS=pthread_create   -o CMakeFiles/cmTC_0329f.dir/CheckFunctionExists.c.o   -c /usr/share/cmake/Modules/CheckFunctionExists.c
Linking C executable cmTC_0329f
/usr/bin/cmake -E cmake_link_script CMakeFiles/cmTC_0329f.dir/link.txt --verbose=1
/home/htellezb/Aldebaran-software/linux64-nao-atom-cross-toolchain-1.14.5//cross/bin/i686-aldebaran-linux-gnu-gcc  --sysroot /home/htellezb/Aldebaran-software/linux64-nao-atom-cross-toolchain-1.14.5//sysroot/ -pipe -fomit-frame-pointer -fno-align-jumps -fno-align-functions -fno-align-labels -fno-align-loops -m32 -mtune=generic -DOE_CROSS_BUILD -DCHECK_FUNCTION_EXISTS=pthread_create  -Wl,--sysroot,/home/htellezb/Aldebaran-software/linux64-nao-atom-cross-toolchain-1.14.5//sysroot/  -rdynamic CMakeFiles/cmTC_0329f.dir/CheckFunctionExists.c.o  -o cmTC_0329f -lpthread 
gmake[1]: Leaving directory '/home/htellezb/EK-SPL/ball-recognition/ball-recognition-module/build-cross-atom/CMakeFiles/CMakeTmp'


