Determining if the pthread_create exist failed with the following output:
Change Dir: /home/htellezb/EK-SPL/ball-recognition/ball-recognition-module/build-cross-atom/CMakeFiles/CMakeTmp

Run Build Command:"/usr/bin/gmake" "cmTC_f5934/fast"
/usr/bin/gmake -f CMakeFiles/cmTC_f5934.dir/build.make CMakeFiles/cmTC_f5934.dir/build
gmake[1]: Entering directory '/home/htellezb/EK-SPL/ball-recognition/ball-recognition-module/build-cross-atom/CMakeFiles/CMakeTmp'
Building C object CMakeFiles/cmTC_f5934.dir/CheckSymbolExists.c.o
/home/htellezb/Aldebaran-software/linux64-nao-atom-cross-toolchain-1.14.5//cross/bin/i686-aldebaran-linux-gnu-gcc   --sysroot /home/htellezb/Aldebaran-software/linux64-nao-atom-cross-toolchain-1.14.5//sysroot/ -pipe -fomit-frame-pointer -fno-align-jumps -fno-align-functions -fno-align-labels -fno-align-loops -m32 -mtune=generic -DOE_CROSS_BUILD    -o CMakeFiles/cmTC_f5934.dir/CheckSymbolExists.c.o   -c /home/htellezb/EK-SPL/ball-recognition/ball-recognition-module/build-cross-atom/CMakeFiles/CMakeTmp/CheckSymbolExists.c
Linking C executable cmTC_f5934
/usr/bin/cmake -E cmake_link_script CMakeFiles/cmTC_f5934.dir/link.txt --verbose=1
/home/htellezb/Aldebaran-software/linux64-nao-atom-cross-toolchain-1.14.5//cross/bin/i686-aldebaran-linux-gnu-gcc  --sysroot /home/htellezb/Aldebaran-software/linux64-nao-atom-cross-toolchain-1.14.5//sysroot/ -pipe -fomit-frame-pointer -fno-align-jumps -fno-align-functions -fno-align-labels -fno-align-loops -m32 -mtune=generic -DOE_CROSS_BUILD   -Wl,--sysroot,/home/htellezb/Aldebaran-software/linux64-nao-atom-cross-toolchain-1.14.5//sysroot/  -rdynamic CMakeFiles/cmTC_f5934.dir/CheckSymbolExists.c.o  -o cmTC_f5934 
CMakeFiles/cmTC_f5934.dir/CheckSymbolExists.c.o: In function `main':
CheckSymbolExists.c:(.text+0x1): undefined reference to `pthread_create'
collect2: ld returned 1 exit status
gmake[1]: *** [CMakeFiles/cmTC_f5934.dir/build.make:98: cmTC_f5934] Error 1
gmake[1]: Leaving directory '/home/htellezb/EK-SPL/ball-recognition/ball-recognition-module/build-cross-atom/CMakeFiles/CMakeTmp'
gmake: *** [Makefile:126: cmTC_f5934/fast] Error 2

File /home/htellezb/EK-SPL/ball-recognition/ball-recognition-module/build-cross-atom/CMakeFiles/CMakeTmp/CheckSymbolExists.c:
/* */
#include <pthread.h>

int main(int argc, char** argv)
{
  (void)argv;
#ifndef pthread_create
  return ((int*)(&pthread_create))[argc];
#else
  (void)argc;
  return 0;
#endif
}

Determining if the function pthread_create exists in the pthreads failed with the following output:
Change Dir: /home/htellezb/EK-SPL/ball-recognition/ball-recognition-module/build-cross-atom/CMakeFiles/CMakeTmp

Run Build Command:"/usr/bin/gmake" "cmTC_426d5/fast"
/usr/bin/gmake -f CMakeFiles/cmTC_426d5.dir/build.make CMakeFiles/cmTC_426d5.dir/build
gmake[1]: Entering directory '/home/htellezb/EK-SPL/ball-recognition/ball-recognition-module/build-cross-atom/CMakeFiles/CMakeTmp'
Building C object CMakeFiles/cmTC_426d5.dir/CheckFunctionExists.c.o
/home/htellezb/Aldebaran-software/linux64-nao-atom-cross-toolchain-1.14.5//cross/bin/i686-aldebaran-linux-gnu-gcc   --sysroot /home/htellezb/Aldebaran-software/linux64-nao-atom-cross-toolchain-1.14.5//sysroot/ -pipe -fomit-frame-pointer -fno-align-jumps -fno-align-functions -fno-align-labels -fno-align-loops -m32 -mtune=generic -DOE_CROSS_BUILD -DCHECK_FUNCTION_EXISTS=pthread_create   -o CMakeFiles/cmTC_426d5.dir/CheckFunctionExists.c.o   -c /usr/share/cmake/Modules/CheckFunctionExists.c
Linking C executable cmTC_426d5
/usr/bin/cmake -E cmake_link_script CMakeFiles/cmTC_426d5.dir/link.txt --verbose=1
/home/htellezb/Aldebaran-software/linux64-nao-atom-cross-toolchain-1.14.5//cross/bin/i686-aldebaran-linux-gnu-gcc  --sysroot /home/htellezb/Aldebaran-software/linux64-nao-atom-cross-toolchain-1.14.5//sysroot/ -pipe -fomit-frame-pointer -fno-align-jumps -fno-align-functions -fno-align-labels -fno-align-loops -m32 -mtune=generic -DOE_CROSS_BUILD -DCHECK_FUNCTION_EXISTS=pthread_create  -Wl,--sysroot,/home/htellezb/Aldebaran-software/linux64-nao-atom-cross-toolchain-1.14.5//sysroot/  -rdynamic CMakeFiles/cmTC_426d5.dir/CheckFunctionExists.c.o  -o cmTC_426d5 -lpthreads 
/home/htellezb/Aldebaran-software/linux64-nao-atom-cross-toolchain-1.14.5/cross/bin/../lib/gcc/i686-aldebaran-linux-gnu/4.5.3/../../../../i686-aldebaran-linux-gnu/bin/ld: cannot find -lpthreads
collect2: ld returned 1 exit status
gmake[1]: *** [CMakeFiles/cmTC_426d5.dir/build.make:98: cmTC_426d5] Error 1
gmake[1]: Leaving directory '/home/htellezb/EK-SPL/ball-recognition/ball-recognition-module/build-cross-atom/CMakeFiles/CMakeTmp'
gmake: *** [Makefile:126: cmTC_426d5/fast] Error 2


