The target system is: Linux -  - i486
The host system is: Linux - 3.13.0-24-generic - x86_64
Determining if files pthread.h exist passed with the following output:
Change Dir: /home/roboticaspl/SPL/EK/shooter/build-cross-atom/CMakeFiles/CMakeTmp

Run Build Command:/usr/bin/make "cmTryCompileExec1438878314/fast"
/usr/bin/make -f CMakeFiles/cmTryCompileExec1438878314.dir/build.make CMakeFiles/cmTryCompileExec1438878314.dir/build
make[1]: se ingresa al directorio «/home/roboticaspl/SPL/EK/shooter/build-cross-atom/CMakeFiles/CMakeTmp»
/usr/bin/cmake -E cmake_progress_report /home/roboticaspl/SPL/EK/shooter/build-cross-atom/CMakeFiles/CMakeTmp/CMakeFiles 1
Building C object CMakeFiles/cmTryCompileExec1438878314.dir/CheckIncludeFiles.c.o
/home/roboticaspl/SPL/linux64-nao-atom-cross-toolchain-1.14.5/cross/bin/i686-aldebaran-linux-gnu-gcc   --sysroot /home/roboticaspl/SPL/linux64-nao-atom-cross-toolchain-1.14.5//sysroot/ -pipe -fomit-frame-pointer -fno-align-jumps -fno-align-functions -fno-align-labels -fno-align-loops -m32 -mtune=generic -DOE_CROSS_BUILD    -o CMakeFiles/cmTryCompileExec1438878314.dir/CheckIncludeFiles.c.o   -c /home/roboticaspl/SPL/EK/shooter/build-cross-atom/CMakeFiles/CMakeTmp/CheckIncludeFiles.c
Linking C executable cmTryCompileExec1438878314
/usr/bin/cmake -E cmake_link_script CMakeFiles/cmTryCompileExec1438878314.dir/link.txt --verbose=1
/home/roboticaspl/SPL/linux64-nao-atom-cross-toolchain-1.14.5/cross/bin/i686-aldebaran-linux-gnu-gcc   --sysroot /home/roboticaspl/SPL/linux64-nao-atom-cross-toolchain-1.14.5//sysroot/ -pipe -fomit-frame-pointer -fno-align-jumps -fno-align-functions -fno-align-labels -fno-align-loops -m32 -mtune=generic -DOE_CROSS_BUILD   -Wl,--sysroot,/home/roboticaspl/SPL/linux64-nao-atom-cross-toolchain-1.14.5//sysroot/ CMakeFiles/cmTryCompileExec1438878314.dir/CheckIncludeFiles.c.o  -o cmTryCompileExec1438878314 -rdynamic 
make[1]: se sale del directorio «/home/roboticaspl/SPL/EK/shooter/build-cross-atom/CMakeFiles/CMakeTmp»


Determining if the function pthread_create exists in the pthread passed with the following output:
Change Dir: /home/roboticaspl/SPL/EK/shooter/build-cross-atom/CMakeFiles/CMakeTmp

Run Build Command:/usr/bin/make "cmTryCompileExec4095996789/fast"
/usr/bin/make -f CMakeFiles/cmTryCompileExec4095996789.dir/build.make CMakeFiles/cmTryCompileExec4095996789.dir/build
make[1]: se ingresa al directorio «/home/roboticaspl/SPL/EK/shooter/build-cross-atom/CMakeFiles/CMakeTmp»
/usr/bin/cmake -E cmake_progress_report /home/roboticaspl/SPL/EK/shooter/build-cross-atom/CMakeFiles/CMakeTmp/CMakeFiles 1
Building C object CMakeFiles/cmTryCompileExec4095996789.dir/CheckFunctionExists.c.o
/home/roboticaspl/SPL/linux64-nao-atom-cross-toolchain-1.14.5/cross/bin/i686-aldebaran-linux-gnu-gcc   --sysroot /home/roboticaspl/SPL/linux64-nao-atom-cross-toolchain-1.14.5//sysroot/ -pipe -fomit-frame-pointer -fno-align-jumps -fno-align-functions -fno-align-labels -fno-align-loops -m32 -mtune=generic -DOE_CROSS_BUILD -DCHECK_FUNCTION_EXISTS=pthread_create   -o CMakeFiles/cmTryCompileExec4095996789.dir/CheckFunctionExists.c.o   -c /usr/share/cmake-2.8/Modules/CheckFunctionExists.c
Linking C executable cmTryCompileExec4095996789
/usr/bin/cmake -E cmake_link_script CMakeFiles/cmTryCompileExec4095996789.dir/link.txt --verbose=1
/home/roboticaspl/SPL/linux64-nao-atom-cross-toolchain-1.14.5/cross/bin/i686-aldebaran-linux-gnu-gcc   --sysroot /home/roboticaspl/SPL/linux64-nao-atom-cross-toolchain-1.14.5//sysroot/ -pipe -fomit-frame-pointer -fno-align-jumps -fno-align-functions -fno-align-labels -fno-align-loops -m32 -mtune=generic -DOE_CROSS_BUILD -DCHECK_FUNCTION_EXISTS=pthread_create  -Wl,--sysroot,/home/roboticaspl/SPL/linux64-nao-atom-cross-toolchain-1.14.5//sysroot/ CMakeFiles/cmTryCompileExec4095996789.dir/CheckFunctionExists.c.o  -o cmTryCompileExec4095996789 -rdynamic -lpthread 
make[1]: se sale del directorio «/home/roboticaspl/SPL/EK/shooter/build-cross-atom/CMakeFiles/CMakeTmp»


Determining if files pthread.h exist passed with the following output:
Change Dir: /home/roboticaspl/SPL/EK/shooter/build-cross-atom/CMakeFiles/CMakeTmp

Run Build Command:/usr/bin/make "cmTryCompileExec1106463526/fast"
/usr/bin/make -f CMakeFiles/cmTryCompileExec1106463526.dir/build.make CMakeFiles/cmTryCompileExec1106463526.dir/build
make[1]: se ingresa al directorio «/home/roboticaspl/SPL/EK/shooter/build-cross-atom/CMakeFiles/CMakeTmp»
/usr/bin/cmake -E cmake_progress_report /home/roboticaspl/SPL/EK/shooter/build-cross-atom/CMakeFiles/CMakeTmp/CMakeFiles 1
Building C object CMakeFiles/cmTryCompileExec1106463526.dir/CheckIncludeFiles.c.o
/home/roboticaspl/SPL/linux64-nao-atom-cross-toolchain-1.14.5/cross/bin/i686-aldebaran-linux-gnu-gcc   --sysroot /home/roboticaspl/SPL/linux64-nao-atom-cross-toolchain-1.14.5//sysroot/ -pipe -fomit-frame-pointer -fno-align-jumps -fno-align-functions -fno-align-labels -fno-align-loops -m32 -mtune=generic -DOE_CROSS_BUILD    -o CMakeFiles/cmTryCompileExec1106463526.dir/CheckIncludeFiles.c.o   -c /home/roboticaspl/SPL/EK/shooter/build-cross-atom/CMakeFiles/CMakeTmp/CheckIncludeFiles.c
Linking C executable cmTryCompileExec1106463526
/usr/bin/cmake -E cmake_link_script CMakeFiles/cmTryCompileExec1106463526.dir/link.txt --verbose=1
/home/roboticaspl/SPL/linux64-nao-atom-cross-toolchain-1.14.5/cross/bin/i686-aldebaran-linux-gnu-gcc   --sysroot /home/roboticaspl/SPL/linux64-nao-atom-cross-toolchain-1.14.5//sysroot/ -pipe -fomit-frame-pointer -fno-align-jumps -fno-align-functions -fno-align-labels -fno-align-loops -m32 -mtune=generic -DOE_CROSS_BUILD   -Wl,--sysroot,/home/roboticaspl/SPL/linux64-nao-atom-cross-toolchain-1.14.5//sysroot/ CMakeFiles/cmTryCompileExec1106463526.dir/CheckIncludeFiles.c.o  -o cmTryCompileExec1106463526 -rdynamic 
make[1]: se sale del directorio «/home/roboticaspl/SPL/EK/shooter/build-cross-atom/CMakeFiles/CMakeTmp»


Determining if the function pthread_create exists in the pthread passed with the following output:
Change Dir: /home/roboticaspl/SPL/EK/shooter/build-cross-atom/CMakeFiles/CMakeTmp

Run Build Command:/usr/bin/make "cmTryCompileExec1644279269/fast"
/usr/bin/make -f CMakeFiles/cmTryCompileExec1644279269.dir/build.make CMakeFiles/cmTryCompileExec1644279269.dir/build
make[1]: se ingresa al directorio «/home/roboticaspl/SPL/EK/shooter/build-cross-atom/CMakeFiles/CMakeTmp»
/usr/bin/cmake -E cmake_progress_report /home/roboticaspl/SPL/EK/shooter/build-cross-atom/CMakeFiles/CMakeTmp/CMakeFiles 1
Building C object CMakeFiles/cmTryCompileExec1644279269.dir/CheckFunctionExists.c.o
/home/roboticaspl/SPL/linux64-nao-atom-cross-toolchain-1.14.5/cross/bin/i686-aldebaran-linux-gnu-gcc   --sysroot /home/roboticaspl/SPL/linux64-nao-atom-cross-toolchain-1.14.5//sysroot/ -pipe -fomit-frame-pointer -fno-align-jumps -fno-align-functions -fno-align-labels -fno-align-loops -m32 -mtune=generic -DOE_CROSS_BUILD -DCHECK_FUNCTION_EXISTS=pthread_create   -o CMakeFiles/cmTryCompileExec1644279269.dir/CheckFunctionExists.c.o   -c /usr/share/cmake-2.8/Modules/CheckFunctionExists.c
Linking C executable cmTryCompileExec1644279269
/usr/bin/cmake -E cmake_link_script CMakeFiles/cmTryCompileExec1644279269.dir/link.txt --verbose=1
/home/roboticaspl/SPL/linux64-nao-atom-cross-toolchain-1.14.5/cross/bin/i686-aldebaran-linux-gnu-gcc   --sysroot /home/roboticaspl/SPL/linux64-nao-atom-cross-toolchain-1.14.5//sysroot/ -pipe -fomit-frame-pointer -fno-align-jumps -fno-align-functions -fno-align-labels -fno-align-loops -m32 -mtune=generic -DOE_CROSS_BUILD -DCHECK_FUNCTION_EXISTS=pthread_create  -Wl,--sysroot,/home/roboticaspl/SPL/linux64-nao-atom-cross-toolchain-1.14.5//sysroot/ CMakeFiles/cmTryCompileExec1644279269.dir/CheckFunctionExists.c.o  -o cmTryCompileExec1644279269 -rdynamic -lpthread 
make[1]: se sale del directorio «/home/roboticaspl/SPL/EK/shooter/build-cross-atom/CMakeFiles/CMakeTmp»


