The target system is: Linux -  - i486
The host system is: Linux - 3.13.0-24-generic - x86_64
Determining if files pthread.h exist passed with the following output:
Change Dir: /home/roboticaspl/SPL/EK/vision/build-cross-atom/CMakeFiles/CMakeTmp

Run Build Command:/usr/bin/make "cmTryCompileExec3665447830/fast"
/usr/bin/make -f CMakeFiles/cmTryCompileExec3665447830.dir/build.make CMakeFiles/cmTryCompileExec3665447830.dir/build
make[1]: se ingresa al directorio «/home/roboticaspl/SPL/EK/vision/build-cross-atom/CMakeFiles/CMakeTmp»
/usr/bin/cmake -E cmake_progress_report /home/roboticaspl/SPL/EK/vision/build-cross-atom/CMakeFiles/CMakeTmp/CMakeFiles 1
Building C object CMakeFiles/cmTryCompileExec3665447830.dir/CheckIncludeFiles.c.o
/home/roboticaspl/SPL/linux64-nao-atom-cross-toolchain-1.14.5/cross/bin/i686-aldebaran-linux-gnu-gcc   --sysroot /home/roboticaspl/SPL/linux64-nao-atom-cross-toolchain-1.14.5//sysroot/ -pipe -fomit-frame-pointer -fno-align-jumps -fno-align-functions -fno-align-labels -fno-align-loops -m32 -mtune=generic -DOE_CROSS_BUILD    -o CMakeFiles/cmTryCompileExec3665447830.dir/CheckIncludeFiles.c.o   -c /home/roboticaspl/SPL/EK/vision/build-cross-atom/CMakeFiles/CMakeTmp/CheckIncludeFiles.c
Linking C executable cmTryCompileExec3665447830
/usr/bin/cmake -E cmake_link_script CMakeFiles/cmTryCompileExec3665447830.dir/link.txt --verbose=1
/home/roboticaspl/SPL/linux64-nao-atom-cross-toolchain-1.14.5/cross/bin/i686-aldebaran-linux-gnu-gcc   --sysroot /home/roboticaspl/SPL/linux64-nao-atom-cross-toolchain-1.14.5//sysroot/ -pipe -fomit-frame-pointer -fno-align-jumps -fno-align-functions -fno-align-labels -fno-align-loops -m32 -mtune=generic -DOE_CROSS_BUILD   -Wl,--sysroot,/home/roboticaspl/SPL/linux64-nao-atom-cross-toolchain-1.14.5//sysroot/ CMakeFiles/cmTryCompileExec3665447830.dir/CheckIncludeFiles.c.o  -o cmTryCompileExec3665447830 -rdynamic 
make[1]: se sale del directorio «/home/roboticaspl/SPL/EK/vision/build-cross-atom/CMakeFiles/CMakeTmp»


Determining if the function pthread_create exists in the pthread passed with the following output:
Change Dir: /home/roboticaspl/SPL/EK/vision/build-cross-atom/CMakeFiles/CMakeTmp

Run Build Command:/usr/bin/make "cmTryCompileExec80781824/fast"
/usr/bin/make -f CMakeFiles/cmTryCompileExec80781824.dir/build.make CMakeFiles/cmTryCompileExec80781824.dir/build
make[1]: se ingresa al directorio «/home/roboticaspl/SPL/EK/vision/build-cross-atom/CMakeFiles/CMakeTmp»
/usr/bin/cmake -E cmake_progress_report /home/roboticaspl/SPL/EK/vision/build-cross-atom/CMakeFiles/CMakeTmp/CMakeFiles 1
Building C object CMakeFiles/cmTryCompileExec80781824.dir/CheckFunctionExists.c.o
/home/roboticaspl/SPL/linux64-nao-atom-cross-toolchain-1.14.5/cross/bin/i686-aldebaran-linux-gnu-gcc   --sysroot /home/roboticaspl/SPL/linux64-nao-atom-cross-toolchain-1.14.5//sysroot/ -pipe -fomit-frame-pointer -fno-align-jumps -fno-align-functions -fno-align-labels -fno-align-loops -m32 -mtune=generic -DOE_CROSS_BUILD -DCHECK_FUNCTION_EXISTS=pthread_create   -o CMakeFiles/cmTryCompileExec80781824.dir/CheckFunctionExists.c.o   -c /usr/share/cmake-2.8/Modules/CheckFunctionExists.c
Linking C executable cmTryCompileExec80781824
/usr/bin/cmake -E cmake_link_script CMakeFiles/cmTryCompileExec80781824.dir/link.txt --verbose=1
/home/roboticaspl/SPL/linux64-nao-atom-cross-toolchain-1.14.5/cross/bin/i686-aldebaran-linux-gnu-gcc   --sysroot /home/roboticaspl/SPL/linux64-nao-atom-cross-toolchain-1.14.5//sysroot/ -pipe -fomit-frame-pointer -fno-align-jumps -fno-align-functions -fno-align-labels -fno-align-loops -m32 -mtune=generic -DOE_CROSS_BUILD -DCHECK_FUNCTION_EXISTS=pthread_create  -Wl,--sysroot,/home/roboticaspl/SPL/linux64-nao-atom-cross-toolchain-1.14.5//sysroot/ CMakeFiles/cmTryCompileExec80781824.dir/CheckFunctionExists.c.o  -o cmTryCompileExec80781824 -rdynamic -lpthread 
make[1]: se sale del directorio «/home/roboticaspl/SPL/EK/vision/build-cross-atom/CMakeFiles/CMakeTmp»


Determining if files pthread.h exist passed with the following output:
Change Dir: /home/roboticaspl/SPL/EK/vision/build-cross-atom/CMakeFiles/CMakeTmp

Run Build Command:/usr/bin/make "cmTryCompileExec410299865/fast"
/usr/bin/make -f CMakeFiles/cmTryCompileExec410299865.dir/build.make CMakeFiles/cmTryCompileExec410299865.dir/build
make[1]: se ingresa al directorio «/home/roboticaspl/SPL/EK/vision/build-cross-atom/CMakeFiles/CMakeTmp»
/usr/bin/cmake -E cmake_progress_report /home/roboticaspl/SPL/EK/vision/build-cross-atom/CMakeFiles/CMakeTmp/CMakeFiles 1
Building C object CMakeFiles/cmTryCompileExec410299865.dir/CheckIncludeFiles.c.o
/home/roboticaspl/SPL/linux64-nao-atom-cross-toolchain-1.14.5/cross/bin/i686-aldebaran-linux-gnu-gcc   --sysroot /home/roboticaspl/SPL/linux64-nao-atom-cross-toolchain-1.14.5//sysroot/ -pipe -fomit-frame-pointer -fno-align-jumps -fno-align-functions -fno-align-labels -fno-align-loops -m32 -mtune=generic -DOE_CROSS_BUILD    -o CMakeFiles/cmTryCompileExec410299865.dir/CheckIncludeFiles.c.o   -c /home/roboticaspl/SPL/EK/vision/build-cross-atom/CMakeFiles/CMakeTmp/CheckIncludeFiles.c
Linking C executable cmTryCompileExec410299865
/usr/bin/cmake -E cmake_link_script CMakeFiles/cmTryCompileExec410299865.dir/link.txt --verbose=1
/home/roboticaspl/SPL/linux64-nao-atom-cross-toolchain-1.14.5/cross/bin/i686-aldebaran-linux-gnu-gcc   --sysroot /home/roboticaspl/SPL/linux64-nao-atom-cross-toolchain-1.14.5//sysroot/ -pipe -fomit-frame-pointer -fno-align-jumps -fno-align-functions -fno-align-labels -fno-align-loops -m32 -mtune=generic -DOE_CROSS_BUILD   -Wl,--sysroot,/home/roboticaspl/SPL/linux64-nao-atom-cross-toolchain-1.14.5//sysroot/ CMakeFiles/cmTryCompileExec410299865.dir/CheckIncludeFiles.c.o  -o cmTryCompileExec410299865 -rdynamic 
make[1]: se sale del directorio «/home/roboticaspl/SPL/EK/vision/build-cross-atom/CMakeFiles/CMakeTmp»


Determining if the function pthread_create exists in the pthread passed with the following output:
Change Dir: /home/roboticaspl/SPL/EK/vision/build-cross-atom/CMakeFiles/CMakeTmp

Run Build Command:/usr/bin/make "cmTryCompileExec4132686024/fast"
/usr/bin/make -f CMakeFiles/cmTryCompileExec4132686024.dir/build.make CMakeFiles/cmTryCompileExec4132686024.dir/build
make[1]: se ingresa al directorio «/home/roboticaspl/SPL/EK/vision/build-cross-atom/CMakeFiles/CMakeTmp»
/usr/bin/cmake -E cmake_progress_report /home/roboticaspl/SPL/EK/vision/build-cross-atom/CMakeFiles/CMakeTmp/CMakeFiles 1
Building C object CMakeFiles/cmTryCompileExec4132686024.dir/CheckFunctionExists.c.o
/home/roboticaspl/SPL/linux64-nao-atom-cross-toolchain-1.14.5/cross/bin/i686-aldebaran-linux-gnu-gcc   --sysroot /home/roboticaspl/SPL/linux64-nao-atom-cross-toolchain-1.14.5//sysroot/ -pipe -fomit-frame-pointer -fno-align-jumps -fno-align-functions -fno-align-labels -fno-align-loops -m32 -mtune=generic -DOE_CROSS_BUILD -DCHECK_FUNCTION_EXISTS=pthread_create   -o CMakeFiles/cmTryCompileExec4132686024.dir/CheckFunctionExists.c.o   -c /usr/share/cmake-2.8/Modules/CheckFunctionExists.c
Linking C executable cmTryCompileExec4132686024
/usr/bin/cmake -E cmake_link_script CMakeFiles/cmTryCompileExec4132686024.dir/link.txt --verbose=1
/home/roboticaspl/SPL/linux64-nao-atom-cross-toolchain-1.14.5/cross/bin/i686-aldebaran-linux-gnu-gcc   --sysroot /home/roboticaspl/SPL/linux64-nao-atom-cross-toolchain-1.14.5//sysroot/ -pipe -fomit-frame-pointer -fno-align-jumps -fno-align-functions -fno-align-labels -fno-align-loops -m32 -mtune=generic -DOE_CROSS_BUILD -DCHECK_FUNCTION_EXISTS=pthread_create  -Wl,--sysroot,/home/roboticaspl/SPL/linux64-nao-atom-cross-toolchain-1.14.5//sysroot/ CMakeFiles/cmTryCompileExec4132686024.dir/CheckFunctionExists.c.o  -o cmTryCompileExec4132686024 -rdynamic -lpthread 
make[1]: se sale del directorio «/home/roboticaspl/SPL/EK/vision/build-cross-atom/CMakeFiles/CMakeTmp»


